[handleMsg]:  {
  key: {
    remoteJid: '573128135693@s.whatsapp.net',
    fromMe: false,
    id: '3A5624DD0B7EBFBD1509',
    participant: undefined
  },
  messageTimestamp: 1705103138,
  pushName: 'Mauricio Correa',
  broadcast: false,
  message: Message {
    conversation: 'Hola',
    messageContextInfo: MessageContextInfo {
      deviceListMetadata: [DeviceListMetadata],
      deviceListMetadataVersion: 2
    }
  },
  body: 'Hola',
  from: '573128135693'
}
[QUEUE_SE_ENVIO]:  {
  ref: 'ans_0b9b14f2-1125-4f62-ab6e-db86b93a36ce',
  keyword: 'key_3dec9db1-b600-4220-a056-1e0f9fec4ad1',
  answer: '__call_action__',
  options: {
    media: null,
    buttons: [],
    capture: false,
    child: null,
    delay: 0,
    idle: null,
    ref: null,
    nested: [],
    keyword: {},
    callback: true
  },
  refSerialize: 'ce6938935825ce7e9237ca007610c38c'
}
[QUEUE_SE_ENVIO]:  {
  ref: 'ans_563ec1d5-ba40-4028-bb00-3b20ad6957cd',
  keyword: 'ans_0b9b14f2-1125-4f62-ab6e-db86b93a36ce',
  answer: '__capture_only_intended__',
  options: {
    media: null,
    buttons: [],
    capture: true,
    child: null,
    delay: 0,
    idle: null,
    ref: null,
    nested: [],
    keyword: {},
    callback: true
  },
  refSerialize: '42aebacfe304572acf99f556b844950c'
}
[handleMsg]:  {
  key: {
    remoteJid: '573128135693@s.whatsapp.net',
    fromMe: false,
    id: '3A2E919919E9EB81532D',
    participant: undefined
  },
  messageTimestamp: 1705103142,
  pushName: 'Mauricio Correa',
  broadcast: false,
  message: Message {
    conversation: '3',
    messageContextInfo: MessageContextInfo {
      deviceListMetadata: [DeviceListMetadata],
      deviceListMetadataVersion: 2
    }
  },
  body: '3',
  from: '573128135693'
}
[handleMsg]:  {
  key: {
    remoteJid: '573128135693@s.whatsapp.net',
    fromMe: false,
    id: '3A1329FC821EA37ED532',
    participant: undefined
  },
  messageTimestamp: 1705103144,
  pushName: 'Mauricio Correa',
  broadcast: false,
  message: Message {
    conversation: '3',
    messageContextInfo: MessageContextInfo {
      deviceListMetadata: [DeviceListMetadata],
      deviceListMetadataVersion: 2
    }
  },
  body: '3',
  from: '573128135693'
}
[handleMsg]:  {
  key: {
    remoteJid: '573128135693@s.whatsapp.net',
    fromMe: false,
    id: '3AB98EBFAA12B4D2721F',
    participant: undefined
  },
  messageTimestamp: 1705103146,
  pushName: 'Mauricio Correa',
  broadcast: false,
  message: Message {
    conversation: 'Carlos',
    messageContextInfo: MessageContextInfo {
      deviceListMetadata: [DeviceListMetadata],
      deviceListMetadataVersion: 2
    }
  },
  body: 'Carlos',
  from: '573128135693'
}
